[22:49:51] [Server thread/INFO]: Starting minecraft server version 1.12.2
[22:49:51] [Server thread/WARN]: To start the server with more ram, launch it as "java -Xmx1024M -Xms1024M -jar minecraft_server.jar"
[22:49:51] [Server thread/INFO]: Loading properties
[22:49:51] [Server console handler/ERROR]: Exception handling console input
java.io.IOException: 句柄无效。
	at java.io.FileInputStream.readBytes(Native Method) ~[?:1.8.0_181]
	at java.io.FileInputStream.read(Unknown Source) ~[?:1.8.0_181]
	at java.io.BufferedInputStream.fill(Unknown Source) ~[?:1.8.0_181]
	at java.io.BufferedInputStream.read(Unknown Source) ~[?:1.8.0_181]
	at org.bukkit.craftbukkit.libs.jline.internal.NonBlockingInputStream.read(NonBlockingInputStream.java:248) ~[spigot-1.12.2.jar:git-Spigot-dcd1643-e60fc34]
	at org.bukkit.craftbukkit.libs.jline.internal.InputStreamReader.read(InputStreamReader.java:261) ~[spigot-1.12.2.jar:git-Spigot-dcd1643-e60fc34]
	at org.bukkit.craftbukkit.libs.jline.internal.InputStreamReader.read(InputStreamReader.java:198) ~[spigot-1.12.2.jar:git-Spigot-dcd1643-e60fc34]
	at org.bukkit.craftbukkit.libs.jline.console.ConsoleReader.readCharacter(ConsoleReader.java:2145) ~[spigot-1.12.2.jar:git-Spigot-dcd1643-e60fc34]
	at org.bukkit.craftbukkit.libs.jline.console.ConsoleReader.readLineSimple(ConsoleReader.java:3183) ~[spigot-1.12.2.jar:git-Spigot-dcd1643-e60fc34]
	at org.bukkit.craftbukkit.libs.jline.console.ConsoleReader.readLine(ConsoleReader.java:2333) ~[spigot-1.12.2.jar:git-Spigot-dcd1643-e60fc34]
	at org.bukkit.craftbukkit.libs.jline.console.ConsoleReader.readLine(ConsoleReader.java:2269) ~[spigot-1.12.2.jar:git-Spigot-dcd1643-e60fc34]
	at org.bukkit.craftbukkit.libs.jline.console.ConsoleReader.readLine(ConsoleReader.java:2257) ~[spigot-1.12.2.jar:git-Spigot-dcd1643-e60fc34]
	at net.minecraft.server.v1_12_R1.DedicatedServer$2.run(DedicatedServer.java:87) [spigot-1.12.2.jar:git-Spigot-dcd1643-e60fc34]
[22:49:51] [Server thread/INFO]: Default game type: SURVIVAL
[22:49:51] [Server thread/INFO]: This server is running CraftBukkit version git-Spigot-dcd1643-e60fc34 (MC: 1.12.2) (Implementing API version 1.12.2-R0.1-SNAPSHOT)
[22:49:51] [Server thread/INFO]: Server Ping Player Sample Count: 12
[22:49:51] [Server thread/INFO]: Using 4 threads for Netty based IO
[22:49:51] [Server thread/INFO]: Debug logging is disabled
[22:49:51] [Server thread/INFO]: Generating keypair
[22:49:51] [Server thread/INFO]: Starting Minecraft server on *:25565
[22:49:51] [Server thread/INFO]: Using default channel type
[22:49:53] [Server thread/INFO]: Set PluginClassLoader as parallel capable
[22:49:53] [Server thread/INFO]: [LuckPerms] Loading LuckPerms v5.1.26
[22:49:53] [Server thread/INFO]: [Intensify3] Loading Intensify3 v3.0
[22:49:54] [Server thread/INFO]: [TitleAPI] Loading TitleAPI v1.7.7
[22:49:54] [Server thread/INFO]: [Vault] Loading Vault v1.7.2-b107
[22:49:54] [Server thread/INFO]: [PlaceholderAPI] Loading PlaceholderAPI v2.10.3
[22:49:54] [Server thread/INFO]: [Essentials] Loading Essentials v2.17.2.147
[22:49:54] [Server thread/INFO]: [Myplugin] Loading Myplugin v1.0.0
[22:49:54] [Server thread/INFO]: [LuckPerms] Enabling LuckPerms v5.1.26
[22:49:54] [Server thread/INFO]:         __    
[22:49:54] [Server thread/INFO]:   |    |__)   LuckPerms v5.1.26
[22:49:54] [Server thread/INFO]:   |___ |      Running on Bukkit - CraftBukkit
[22:49:54] [Server thread/INFO]: [LuckPerms] Loading configuration...
[22:49:55] [Server thread/INFO]: [LuckPerms] Loading storage provider... [H2]
[22:49:56] [Server thread/INFO]: [LuckPerms] Loading internal permission managers...
[22:49:56] [Server thread/INFO]: [LuckPerms] Performing initial data load...
[22:49:56] [Server thread/INFO]: [LuckPerms] Successfully enabled. (took 2043ms)
[22:49:56] [Server thread/INFO]: [Vault] Enabling Vault v1.7.2-b107
[22:49:56] [Server thread/INFO]: [Vault] [Economy] Essentials Economy found: Waiting
[22:49:56] [Server thread/INFO]: [Vault] [Permission] SuperPermissions loaded as backup permission system.
[22:49:56] [Server thread/INFO]: [Vault] Enabled Version 1.7.2-b107
[22:49:56] [Server thread/INFO]: [LuckPerms] Registered Vault permission & chat hook.
[22:49:56] [Server thread/WARN]: **** SERVER IS RUNNING IN OFFLINE/INSECURE MODE!
[22:49:56] [Server thread/WARN]: The server will make no attempt to authenticate usernames. Beware.
[22:49:56] [Server thread/WARN]: While this makes the game possible to play without internet access, it also opens up the ability for hackers to connect with any username they choose.
[22:49:56] [Server thread/WARN]: To change this, set "online-mode" to "true" in the server.properties file.
[22:49:56] [Server thread/INFO]: **** Beginning UUID conversion, this may take A LONG time ****
[22:49:56] [Server thread/INFO]: Preparing level "world"
[22:49:56] [Server thread/INFO]: -------- World Settings For [world] --------
[22:49:56] [Server thread/INFO]: Item Despawn Rate: 6000
[22:49:56] [Server thread/INFO]: Item Merge Radius: 2.5
[22:49:56] [Server thread/INFO]: Arrow Despawn Rate: 1200
[22:49:56] [Server thread/INFO]: View Distance: 10
[22:49:56] [Server thread/INFO]: Allow Zombie Pigmen to spawn from portal blocks: true
[22:49:56] [Server thread/INFO]: Zombie Aggressive Towards Villager: true
[22:49:56] [Server thread/INFO]: Experience Merge Radius: 3.0
[22:49:56] [Server thread/INFO]: Nerfing mobs spawned from spawners: false
[22:49:56] [Server thread/INFO]: Hopper Transfer: 8 Hopper Check: 1 Hopper Amount: 1
[22:49:56] [Server thread/INFO]: Custom Map Seeds:  Village: 10387312 Feature: 14357617 Monument: 10387313 Slime: 987234911
[22:49:56] [Server thread/INFO]: Entity Tracking Range: Pl 48 / An 48 / Mo 48 / Mi 32 / Other 64
[22:49:56] [Server thread/INFO]: Cactus Growth Modifier: 100%
[22:49:56] [Server thread/INFO]: Cane Growth Modifier: 100%
[22:49:56] [Server thread/INFO]: Melon Growth Modifier: 100%
[22:49:56] [Server thread/INFO]: Mushroom Growth Modifier: 100%
[22:49:56] [Server thread/INFO]: Pumpkin Growth Modifier: 100%
[22:49:56] [Server thread/INFO]: Sapling Growth Modifier: 100%
[22:49:56] [Server thread/INFO]: Wheat Growth Modifier: 100%
[22:49:56] [Server thread/INFO]: NetherWart Growth Modifier: 100%
[22:49:56] [Server thread/INFO]: Vine Growth Modifier: 100%
[22:49:56] [Server thread/INFO]: Cocoa Growth Modifier: 100%
[22:49:56] [Server thread/INFO]: Mob Spawn Range: 4
[22:49:56] [Server thread/INFO]: Entity Activation Range: An 32 / Mo 32 / Mi 16 / Tiv true
[22:49:56] [Server thread/INFO]: Random Lighting Updates: false
[22:49:56] [Server thread/INFO]: Tile Max Tick Time: 50ms Entity max Tick Time: 50ms
[22:49:56] [Server thread/INFO]: Max TNT Explosions: 100
[22:49:56] [Server thread/INFO]: Structure Info Saving: true
[22:49:56] [Server thread/INFO]: -------- World Settings For [world_nether] --------
[22:49:56] [Server thread/INFO]: Item Despawn Rate: 6000
[22:49:56] [Server thread/INFO]: Item Merge Radius: 2.5
[22:49:56] [Server thread/INFO]: Arrow Despawn Rate: 1200
[22:49:56] [Server thread/INFO]: View Distance: 10
[22:49:56] [Server thread/INFO]: Allow Zombie Pigmen to spawn from portal blocks: true
[22:49:56] [Server thread/INFO]: Zombie Aggressive Towards Villager: true
[22:49:56] [Server thread/INFO]: Experience Merge Radius: 3.0
[22:49:56] [Server thread/INFO]: Nerfing mobs spawned from spawners: false
[22:49:56] [Server thread/INFO]: Hopper Transfer: 8 Hopper Check: 1 Hopper Amount: 1
[22:49:56] [Server thread/INFO]: Custom Map Seeds:  Village: 10387312 Feature: 14357617 Monument: 10387313 Slime: 987234911
[22:49:56] [Server thread/INFO]: Entity Tracking Range: Pl 48 / An 48 / Mo 48 / Mi 32 / Other 64
[22:49:56] [Server thread/INFO]: Cactus Growth Modifier: 100%
[22:49:56] [Server thread/INFO]: Cane Growth Modifier: 100%
[22:49:56] [Server thread/INFO]: Melon Growth Modifier: 100%
[22:49:56] [Server thread/INFO]: Mushroom Growth Modifier: 100%
[22:49:56] [Server thread/INFO]: Pumpkin Growth Modifier: 100%
[22:49:56] [Server thread/INFO]: Sapling Growth Modifier: 100%
[22:49:56] [Server thread/INFO]: Wheat Growth Modifier: 100%
[22:49:56] [Server thread/INFO]: NetherWart Growth Modifier: 100%
[22:49:56] [Server thread/INFO]: Vine Growth Modifier: 100%
[22:49:56] [Server thread/INFO]: Cocoa Growth Modifier: 100%
[22:49:56] [Server thread/INFO]: Mob Spawn Range: 4
[22:49:56] [Server thread/INFO]: Entity Activation Range: An 32 / Mo 32 / Mi 16 / Tiv true
[22:49:56] [Server thread/INFO]: Random Lighting Updates: false
[22:49:56] [Server thread/INFO]: Tile Max Tick Time: 50ms Entity max Tick Time: 50ms
[22:49:56] [Server thread/INFO]: Max TNT Explosions: 100
[22:49:56] [Server thread/INFO]: Structure Info Saving: true
[22:49:56] [Server thread/INFO]: -------- World Settings For [world_the_end] --------
[22:49:56] [Server thread/INFO]: Item Despawn Rate: 6000
[22:49:56] [Server thread/INFO]: Item Merge Radius: 2.5
[22:49:56] [Server thread/INFO]: Arrow Despawn Rate: 1200
[22:49:56] [Server thread/INFO]: View Distance: 10
[22:49:56] [Server thread/INFO]: Allow Zombie Pigmen to spawn from portal blocks: true
[22:49:56] [Server thread/INFO]: Zombie Aggressive Towards Villager: true
[22:49:56] [Server thread/INFO]: Experience Merge Radius: 3.0
[22:49:56] [Server thread/INFO]: Nerfing mobs spawned from spawners: false
[22:49:56] [Server thread/INFO]: Hopper Transfer: 8 Hopper Check: 1 Hopper Amount: 1
[22:49:56] [Server thread/INFO]: Custom Map Seeds:  Village: 10387312 Feature: 14357617 Monument: 10387313 Slime: 987234911
[22:49:56] [Server thread/INFO]: Entity Tracking Range: Pl 48 / An 48 / Mo 48 / Mi 32 / Other 64
[22:49:56] [Server thread/INFO]: Cactus Growth Modifier: 100%
[22:49:56] [Server thread/INFO]: Cane Growth Modifier: 100%
[22:49:56] [Server thread/INFO]: Melon Growth Modifier: 100%
[22:49:56] [Server thread/INFO]: Mushroom Growth Modifier: 100%
[22:49:56] [Server thread/INFO]: Pumpkin Growth Modifier: 100%
[22:49:56] [Server thread/INFO]: Sapling Growth Modifier: 100%
[22:49:56] [Server thread/INFO]: Wheat Growth Modifier: 100%
[22:49:56] [Server thread/INFO]: NetherWart Growth Modifier: 100%
[22:49:56] [Server thread/INFO]: Vine Growth Modifier: 100%
[22:49:56] [Server thread/INFO]: Cocoa Growth Modifier: 100%
[22:49:56] [Server thread/INFO]: Mob Spawn Range: 4
[22:49:56] [Server thread/INFO]: Entity Activation Range: An 32 / Mo 32 / Mi 16 / Tiv true
[22:49:56] [Server thread/INFO]: Random Lighting Updates: false
[22:49:56] [Server thread/INFO]: Tile Max Tick Time: 50ms Entity max Tick Time: 50ms
[22:49:56] [Server thread/INFO]: Max TNT Explosions: 100
[22:49:56] [Server thread/INFO]: Structure Info Saving: true
[22:49:56] [Server thread/INFO]: Preparing start region for level 0 (Seed: -2943681322513394657)
[22:49:57] [Server thread/INFO]: Preparing spawn area: 51%
[22:49:58] [Server thread/INFO]: Preparing start region for level 1 (Seed: -2943681322513394657)
[22:49:59] [Server thread/INFO]: Preparing spawn area: 60%
[22:49:59] [Server thread/INFO]: Preparing start region for level 2 (Seed: -2943681322513394657)
[22:50:00] [Server thread/INFO]: [Intensify3] Enabling Intensify3 v3.0
[22:50:00] [Server thread/INFO]: [Intensify3] Intensity3 强化插件现已加载完成...
[22:50:00] [Server thread/INFO]: [Intensify3] 如有Bug，请汇报给 RainBowEna!
[22:50:00] [Server thread/INFO]: [TitleAPI] Enabling TitleAPI v1.7.7
[22:50:00] [Server thread/INFO]: TitleAPI V1.7.7 has been enabled!
[22:50:00] [Server thread/INFO]: [PlaceholderAPI] Enabling PlaceholderAPI v2.10.3
[22:50:00] [Server thread/INFO]: [PlaceholderAPI] Fetching available expansion information...
[22:50:00] [Server thread/INFO]: [Essentials] Enabling Essentials v2.17.2.147
[22:50:00] [Server thread/INFO]: Attempting to convert old kits in config.yml to new kits.yml
[22:50:00] [Server thread/INFO]: No kits found to migrate.
[22:50:00] [Server thread/INFO]: Loaded 852 items from items.csv.
[22:50:00] [Server thread/INFO]: Using locale zh_CN
[22:50:00] [Server thread/INFO]: [Essentials] ServerListPingEvent: Spigot iterator API
[22:50:00] [Server thread/INFO]: [Essentials] Starting Metrics. Opt-out using the global bStats config.
[22:50:00] [Server thread/INFO]: [Vault] [Vault][Economy] Essentials Economy hooked.
[22:50:00] [Server thread/INFO]: [Essentials] Using Vault based permissions (LuckPerms)
[22:50:00] [Server thread/INFO]: [Myplugin] Enabling Myplugin v1.0.0
[22:50:00] [Server thread/INFO]: [Myplugin] 初始化vault插件成功
[22:50:00] [Server thread/INFO]: [Myplugin] _____________
[22:50:00] [Server thread/INFO]: [Myplugin] MineCraft插件
[22:50:00] [Server thread/INFO]: [Myplugin] _____________
[22:50:00] [Server thread/INFO]: 强化武器插件启动
[22:50:00] [Server thread/INFO]: Server permissions file permissions.yml is empty, ignoring it
[22:50:00] [Server thread/INFO]: Done (4.324s)! For help, type "help" or "?"
[22:50:00] [Server thread/INFO]: [PlaceholderAPI] Placeholder expansion registration initializing...
[22:50:00] [Craft Scheduler Thread - 4/INFO]: [Vault] Checking for Updates ... 
[22:50:05] [Server thread/INFO]: Starting minecraft server version 1.12.2
[22:50:05] [Server thread/INFO]: Loading pro[22:50:06] [Server thread/INFO]: [TitleAPI] No update was found, you are running the latest version.
[22:50:09] [Server thread/INFO]: [PlaceholderAPI] An update for PlaceholderAPI (v2.10.6) is available at:
[22:50:09] [Server thread/INFO]: [PlaceholderAPI] https://www.spigotmc.org/resources/placeholderapi.6245/
[22:50:14] [Craft Scheduler Thread - 4/INFO]: [Vault] There was an issue attempting to check for the latest version.
[22:50:14] [Craft Scheduler Thread - 4/INFO]: [Vault] No new version available
INFO]: Starting Minecraft server on *:25565
[22:50:05] [Server thread/INFO]: Using default channel type
[22:50:08] [Server thread/WARN]: **** FAILED TO BIND TO PORT!
[22:50:08] [Server thread/WARN]: The exception was: java.net.BindException: Address already in use: bind
[22:50:08] [Server thread/WARN]: Perhaps a server is already running on that port?
[22:50:08] [Server thread/INFO]: Stopping server
[22:50:08] [Server thread/INFO]: Saving players
