[09:43:16] [Server thread/INFO]: Starting minecraft server version 1.12.2
[09:43:16] [Server thread/INFO]: Loading properties
[09:43:16] [Server thread/INFO]: Default game type: SURVIVAL
[09:43:16] [Server thread/INFO]: This server is running CraftBukkit version git-Spigot-dcd1643-e60fc34 (MC: 1.12.2) (Implementing API version 1.12.2-R0.1-SNAPSHOT)
[09:43:16] [Server thread/INFO]: Debug logging is disabled
[09:43:16] [Server thread/INFO]: Server Ping Player Sample Count: 12
[09:43:16] [Server thread/INFO]: Using 4 threads for Netty based IO
[09:43:16] [Server thread/INFO]: Generating keypair
[09:43:16] [Server thread/INFO]: Starting Minecraft server on *:25565
[09:43:16] [Server thread/INFO]: Using default channel type
[09:43:19] [Server thread/ERROR]: Could not load 'plugins\Yamltest-1.0-SNAPSHOT.jar' in folder 'plugins'
org.bukkit.plugin.InvalidDescriptionException: name:Myplugin main:com.minecraft.main version:1.0.0 author:_b is not properly structured.
	at org.bukkit.plugin.PluginDescriptionFile.asMap(PluginDescriptionFile.java:1074) ~[spigot-1.12.2.jar:git-Spigot-dcd1643-e60fc34]
	at org.bukkit.plugin.PluginDescriptionFile.<init>(PluginDescriptionFile.java:228) ~[spigot-1.12.2.jar:git-Spigot-dcd1643-e60fc34]
	at org.bukkit.plugin.java.JavaPluginLoader.getPluginDescription(JavaPluginLoader.java:157) ~[spigot-1.12.2.jar:git-Spigot-dcd1643-e60fc34]
	at org.bukkit.plugin.SimplePluginManager.loadPlugins(SimplePluginManager.java:133) [spigot-1.12.2.jar:git-Spigot-dcd1643-e60fc34]
	at org.bukkit.craftbukkit.v1_12_R1.CraftServer.loadPlugins(CraftServer.java:305) [spigot-1.12.2.jar:git-Spigot-dcd1643-e60fc34]
	at net.minecraft.server.v1_12_R1.DedicatedServer.init(DedicatedServer.java:205) [spigot-1.12.2.jar:git-Spigot-dcd1643-e60fc34]
	at net.minecraft.server.v1_12_R1.MinecraftServer.run(MinecraftServer.java:545) [spigot-1.12.2.jar:git-Spigot-dcd1643-e60fc34]
	at java.lang.Thread.run(Unknown Source) [?:1.8.0_191]
[09:43:19] [Server thread/WARN]: **** SERVER IS RUNNING IN OFFLINE/INSECURE MODE!
[09:43:19] [Server thread/WARN]: The server will make no attempt to authenticate usernames. Beware.
[09:43:19] [Server thread/WARN]: While this makes the game possible to play without internet access, it also opens up the ability for hackers to connect with any username they choose.
[09:43:19] [Server thread/WARN]: To change this, set "online-mode" to "true" in the server.properties file.
[09:43:19] [Server thread/INFO]: **** Beginning UUID conversion, this may take A LONG time ****
[09:43:19] [Server thread/INFO]: Preparing level "world"
[09:43:19] [Server thread/INFO]: -------- World Settings For [world] --------
[09:43:19] [Server thread/INFO]: Item Despawn Rate: 6000
[09:43:19] [Server thread/INFO]: Item Merge Radius: 2.5
[09:43:19] [Server thread/INFO]: Allow Zombie Pigmen to spawn from portal blocks: true
[09:43:19] [Server thread/INFO]: Arrow Despawn Rate: 1200
[09:43:19] [Server thread/INFO]: Nerfing mobs spawned from spawners: false
[09:43:19] [Server thread/INFO]: View Distance: 10
[09:43:19] [Server thread/INFO]: Experience Merge Radius: 3.0
[09:43:19] [Server thread/INFO]: Zombie Aggressive Towards Villager: true
[09:43:19] [Server thread/INFO]: Entity Activation Range: An 32 / Mo 32 / Mi 16 / Tiv true
[09:43:19] [Server thread/INFO]: Mob Spawn Range: 4
[09:43:19] [Server thread/INFO]: Cactus Growth Modifier: 100%
[09:43:19] [Server thread/INFO]: Cane Growth Modifier: 100%
[09:43:19] [Server thread/INFO]: Melon Growth Modifier: 100%
[09:43:19] [Server thread/INFO]: Mushroom Growth Modifier: 100%
[09:43:19] [Server thread/INFO]: Pumpkin Growth Modifier: 100%
[09:43:19] [Server thread/INFO]: Sapling Growth Modifier: 100%
[09:43:19] [Server thread/INFO]: Wheat Growth Modifier: 100%
[09:43:19] [Server thread/INFO]: NetherWart Growth Modifier: 100%
[09:43:19] [Server thread/INFO]: Vine Growth Modifier: 100%
[09:43:19] [Server thread/INFO]: Cocoa Growth Modifier: 100%
[09:43:19] [Server thread/INFO]: Entity Tracking Range: Pl 48 / An 48 / Mo 48 / Mi 32 / Other 64
[09:43:19] [Server thread/INFO]: Hopper Transfer: 8 Hopper Check: 1 Hopper Amount: 1
[09:43:19] [Server thread/INFO]: Custom Map Seeds:  Village: 10387312 Feature: 14357617 Monument: 10387313 Slime: 987234911
[09:43:19] [Server thread/INFO]: Random Lighting Updates: false
[09:43:19] [Server thread/INFO]: Structure Info Saving: true
[09:43:19] [Server thread/INFO]: Max TNT Explosions: 100
[09:43:19] [Server thread/INFO]: Tile Max Tick Time: 50ms Entity max Tick Time: 50ms
[09:43:19] [Server thread/INFO]: -------- World Settings For [world_nether] --------
[09:43:19] [Server thread/INFO]: Item Despawn Rate: 6000
[09:43:19] [Server thread/INFO]: Item Merge Radius: 2.5
[09:43:19] [Server thread/INFO]: Allow Zombie Pigmen to spawn from portal blocks: true
[09:43:19] [Server thread/INFO]: Arrow Despawn Rate: 1200
[09:43:19] [Server thread/INFO]: Nerfing mobs spawned from spawners: false
[09:43:19] [Server thread/INFO]: View Distance: 10
[09:43:19] [Server thread/INFO]: Experience Merge Radius: 3.0
[09:43:19] [Server thread/INFO]: Zombie Aggressive Towards Villager: true
[09:43:19] [Server thread/INFO]: Entity Activation Range: An 32 / Mo 32 / Mi 16 / Tiv true
[09:43:19] [Server thread/INFO]: Mob Spawn Range: 4
[09:43:19] [Server thread/INFO]: Cactus Growth Modifier: 100%
[09:43:19] [Server thread/INFO]: Cane Growth Modifier: 100%
[09:43:19] [Server thread/INFO]: Melon Growth Modifier: 100%
[09:43:19] [Server thread/INFO]: Mushroom Growth Modifier: 100%
[09:43:19] [Server thread/INFO]: Pumpkin Growth Modifier: 100%
[09:43:19] [Server thread/INFO]: Sapling Growth Modifier: 100%
[09:43:19] [Server thread/INFO]: Wheat Growth Modifier: 100%
[09:43:19] [Server thread/INFO]: NetherWart Growth Modifier: 100%
[09:43:19] [Server thread/INFO]: Vine Growth Modifier: 100%
[09:43:19] [Server thread/INFO]: Cocoa Growth Modifier: 100%
[09:43:19] [Server thread/INFO]: Entity Tracking Range: Pl 48 / An 48 / Mo 48 / Mi 32 / Other 64
[09:43:19] [Server thread/INFO]: Hopper Transfer: 8 Hopper Check: 1 Hopper Amount: 1
[09:43:19] [Server thread/INFO]: Custom Map Seeds:  Village: 10387312 Feature: 14357617 Monument: 10387313 Slime: 987234911
[09:43:19] [Server thread/INFO]: Random Lighting Updates: false
[09:43:19] [Server thread/INFO]: Structure Info Saving: true
[09:43:19] [Server thread/INFO]: Max TNT Explosions: 100
[09:43:19] [Server thread/INFO]: Tile Max Tick Time: 50ms Entity max Tick Time: 50ms
[09:43:19] [Server thread/INFO]: -------- World Settings For [world_the_end] --------
[09:43:19] [Server thread/INFO]: Item Despawn Rate: 6000
[09:43:19] [Server thread/INFO]: Item Merge Radius: 2.5
[09:43:19] [Server thread/INFO]: Allow Zombie Pigmen to spawn from portal blocks: true
[09:43:19] [Server thread/INFO]: Arrow Despawn Rate: 1200
[09:43:19] [Server thread/INFO]: Nerfing mobs spawned from spawners: false
[09:43:19] [Server thread/INFO]: View Distance: 10
[09:43:19] [Server thread/INFO]: Experience Merge Radius: 3.0
[09:43:19] [Server thread/INFO]: Zombie Aggressive Towards Villager: true
[09:43:19] [Server thread/INFO]: Entity Activation Range: An 32 / Mo 32 / Mi 16 / Tiv true
[09:43:19] [Server thread/INFO]: Mob Spawn Range: 4
[09:43:19] [Server thread/INFO]: Cactus Growth Modifier: 100%
[09:43:19] [Server thread/INFO]: Cane Growth Modifier: 100%
[09:43:19] [Server thread/INFO]: Melon Growth Modifier: 100%
[09:43:19] [Server thread/INFO]: Mushroom Growth Modifier: 100%
[09:43:19] [Server thread/INFO]: Pumpkin Growth Modifier: 100%
[09:43:19] [Server thread/INFO]: Sapling Growth Modifier: 100%
[09:43:19] [Server thread/INFO]: Wheat Growth Modifier: 100%
[09:43:19] [Server thread/INFO]: NetherWart Growth Modifier: 100%
[09:43:19] [Server thread/INFO]: Vine Growth Modifier: 100%
[09:43:19] [Server thread/INFO]: Cocoa Growth Modifier: 100%
[09:43:19] [Server thread/INFO]: Entity Tracking Range: Pl 48 / An 48 / Mo 48 / Mi 32 / Other 64
[09:43:19] [Server thread/INFO]: Hopper Transfer: 8 Hopper Check: 1 Hopper Amount: 1
[09:43:19] [Server thread/INFO]: Custom Map Seeds:  Village: 10387312 Feature: 14357617 Monument: 10387313 Slime: 987234911
[09:43:19] [Server thread/INFO]: Random Lighting Updates: false
[09:43:19] [Server thread/INFO]: Structure Info Saving: true
[09:43:19] [Server thread/INFO]: Max TNT Explosions: 100
[09:43:19] [Server thread/INFO]: Tile Max Tick Time: 50ms Entity max Tick Time: 50ms
[09:43:19] [Server thread/INFO]: Preparing start region for level 0 (Seed: -2943681322513394657)
[09:43:20] [Server thread/INFO]: Preparing spawn area: 71%
[09:43:20] [Server thread/INFO]: Preparing start region for level 1 (Seed: -2943681322513394657)
[09:43:21] [Server thread/INFO]: Preparing start region for level 2 (Seed: -2943681322513394657)
[09:43:21] [Server thread/INFO]: Server permissions file permissions.yml is empty, ignoring it
[09:43:21] [Server thread/INFO]: Done (2.395s)! For help, type "help" or "?"
