[22:52:47] [Server thread/INFO]: Starting minecraft server version 1.12.2
[22:52:47] [Server thread/INFO]: Loading properties
[22:52:47] [Server thread/INFO]: Default game type: SURVIVAL
[22:52:47] [Server thread/INFO]: This server is running CraftBukkit version git-Spigot-dcd1643-e60fc34 (MC: 1.12.2) (Implementing API version 1.12.2-R0.1-SNAPSHOT)
[22:52:47] [Server thread/INFO]: Debug logging is disabled
[22:52:47] [Server thread/INFO]: Server Ping Player Sample Count: 12
[22:52:47] [Server thread/INFO]: Using 4 threads for Netty based IO
[22:52:47] [Server thread/INFO]: Generating keypair
[22:52:47] [Server thread/INFO]: Starting Minecraft server on *:25565
[22:52:47] [Server thread/INFO]: Using default channel type
[22:52:49] [Server thread/INFO]: Set PluginClassLoader as parallel capable
[22:52:49] [Server thread/INFO]: [LuckPerms] Loading LuckPerms v5.1.26
[22:52:49] [Server thread/INFO]: [TitleAPI] Loading TitleAPI v1.7.7
[22:52:49] [Server thread/INFO]: [Vault] Loading Vault v1.7.2-b107
[22:52:49] [Server thread/INFO]: [PlaceholderAPI] Loading PlaceholderAPI v2.10.3
[22:52:49] [Server thread/INFO]: [ProtocolLib] Loading ProtocolLib v4.5.0
[22:52:50] [Server thread/INFO]: [Weaponplugin] Loading Weaponplugin v1.0.0
[22:52:50] [Server thread/INFO]: [Essentials] Loading Essentials v2.17.2.147
[22:52:50] [Server thread/INFO]: [LuckPerms] Enabling LuckPerms v5.1.26
[22:52:50] [Server thread/INFO]: [0;36;1m       [0;36;22m __    [m
[22:52:50] [Server thread/INFO]: [0;36;1m  |    [0;36;22m|__)   [0;32;22mLuckPerms [0;36;1mv5.1.26[m
[22:52:50] [Server thread/INFO]: [0;36;1m  |___ [0;36;22m|      [0;30;1mRunning on Bukkit - CraftBukkit[m
[22:52:50] [Server thread/INFO]: [m
[22:52:50] [Server thread/INFO]: [LuckPerms] Loading configuration...
[22:52:51] [Server thread/INFO]: [LuckPerms] Loading storage provider... [H2]
[22:52:52] [Server thread/INFO]: [LuckPerms] Loading internal permission managers...
[22:52:53] [Server thread/INFO]: [LuckPerms] Performing initial data load...
[22:52:53] [Server thread/INFO]: [LuckPerms] Successfully enabled. (took 2976ms)
[22:52:53] [Server thread/INFO]: [Vault] Enabling Vault v1.7.2-b107
[22:52:53] [Server thread/INFO]: [Vault] [Economy] Essentials Economy found: Waiting
[22:52:53] [Server thread/INFO]: [Vault] [Permission] SuperPermissions loaded as backup permission system.
[22:52:53] [Server thread/INFO]: [Vault] Enabled Version 1.7.2-b107
[22:52:53] [Server thread/INFO]: [LuckPerms] Registered Vault permission & chat hook.
[22:52:53] [Server thread/INFO]: [ProtocolLib] Enabling ProtocolLib v4.5.0
[22:52:53] [Server thread/INFO]: [ProtocolLib] Started structure compiler thread.
[22:52:53] [Server thread/WARN]: **** SERVER IS RUNNING IN OFFLINE/INSECURE MODE!
[22:52:53] [Server thread/WARN]: The server will make no attempt to authenticate usernames. Beware.
[22:52:53] [Server thread/WARN]: While this makes the game possible to play without internet access, it also opens up the ability for hackers to connect with any username they choose.
[22:52:53] [Server thread/WARN]: To change this, set "online-mode" to "true" in the server.properties file.
[22:52:53] [Server thread/INFO]: **** Beginning UUID conversion, this may take A LONG time ****
[22:52:53] [Server thread/INFO]: Preparing level "world"
[22:52:53] [Server thread/INFO]: -------- World Settings For [world] --------
[22:52:53] [Server thread/INFO]: Allow Zombie Pigmen to spawn from portal blocks: true
[22:52:53] [Server thread/INFO]: Mob Spawn Range: 4
[22:52:53] [Server thread/INFO]: Random Lighting Updates: false
[22:52:53] [Server thread/INFO]: Max TNT Explosions: 100
[22:52:53] [Server thread/INFO]: Entity Tracking Range: Pl 48 / An 48 / Mo 48 / Mi 32 / Other 64
[22:52:53] [Server thread/INFO]: Tile Max Tick Time: 50ms Entity max Tick Time: 50ms
[22:52:53] [Server thread/INFO]: Entity Activation Range: An 32 / Mo 32 / Mi 16 / Tiv true
[22:52:53] [Server thread/INFO]: Hopper Transfer: 8 Hopper Check: 1 Hopper Amount: 1
[22:52:53] [Server thread/INFO]: Structure Info Saving: true
[22:52:53] [Server thread/INFO]: Cactus Growth Modifier: 100%
[22:52:53] [Server thread/INFO]: Cane Growth Modifier: 100%
[22:52:53] [Server thread/INFO]: Melon Growth Modifier: 100%
[22:52:53] [Server thread/INFO]: Mushroom Growth Modifier: 100%
[22:52:53] [Server thread/INFO]: Pumpkin Growth Modifier: 100%
[22:52:53] [Server thread/INFO]: Sapling Growth Modifier: 100%
[22:52:53] [Server thread/INFO]: Wheat Growth Modifier: 100%
[22:52:53] [Server thread/INFO]: NetherWart Growth Modifier: 100%
[22:52:53] [Server thread/INFO]: Vine Growth Modifier: 100%
[22:52:53] [Server thread/INFO]: Cocoa Growth Modifier: 100%
[22:52:53] [Server thread/INFO]: Item Despawn Rate: 6000
[22:52:53] [Server thread/INFO]: Item Merge Radius: 2.5
[22:52:53] [Server thread/INFO]: Arrow Despawn Rate: 1200
[22:52:53] [Server thread/INFO]: Nerfing mobs spawned from spawners: false
[22:52:53] [Server thread/INFO]: Experience Merge Radius: 3.0
[22:52:53] [Server thread/INFO]: Custom Map Seeds:  Village: 10387312 Feature: 14357617 Monument: 10387313 Slime: 987234911
[22:52:53] [Server thread/INFO]: View Distance: 10
[22:52:53] [Server thread/INFO]: Zombie Aggressive Towards Villager: true
[22:52:53] [Server thread/INFO]: -------- World Settings For [world_nether] --------
[22:52:53] [Server thread/INFO]: Allow Zombie Pigmen to spawn from portal blocks: true
[22:52:53] [Server thread/INFO]: Mob Spawn Range: 4
[22:52:53] [Server thread/INFO]: Random Lighting Updates: false
[22:52:53] [Server thread/INFO]: Max TNT Explosions: 100
[22:52:53] [Server thread/INFO]: Entity Tracking Range: Pl 48 / An 48 / Mo 48 / Mi 32 / Other 64
[22:52:53] [Server thread/INFO]: Tile Max Tick Time: 50ms Entity max Tick Time: 50ms
[22:52:53] [Server thread/INFO]: Entity Activation Range: An 32 / Mo 32 / Mi 16 / Tiv true
[22:52:53] [Server thread/INFO]: Hopper Transfer: 8 Hopper Check: 1 Hopper Amount: 1
[22:52:53] [Server thread/INFO]: Structure Info Saving: true
[22:52:53] [Server thread/INFO]: Cactus Growth Modifier: 100%
[22:52:53] [Server thread/INFO]: Cane Growth Modifier: 100%
[22:52:53] [Server thread/INFO]: Melon Growth Modifier: 100%
[22:52:53] [Server thread/INFO]: Mushroom Growth Modifier: 100%
[22:52:53] [Server thread/INFO]: Pumpkin Growth Modifier: 100%
[22:52:53] [Server thread/INFO]: Sapling Growth Modifier: 100%
[22:52:53] [Server thread/INFO]: Wheat Growth Modifier: 100%
[22:52:53] [Server thread/INFO]: NetherWart Growth Modifier: 100%
[22:52:53] [Server thread/INFO]: Vine Growth Modifier: 100%
[22:52:53] [Server thread/INFO]: Cocoa Growth Modifier: 100%
[22:52:53] [Server thread/INFO]: Item Despawn Rate: 6000
[22:52:53] [Server thread/INFO]: Item Merge Radius: 2.5
[22:52:53] [Server thread/INFO]: Arrow Despawn Rate: 1200
[22:52:53] [Server thread/INFO]: Nerfing mobs spawned from spawners: false
[22:52:53] [Server thread/INFO]: Experience Merge Radius: 3.0
[22:52:53] [Server thread/INFO]: Custom Map Seeds:  Village: 10387312 Feature: 14357617 Monument: 10387313 Slime: 987234911
[22:52:53] [Server thread/INFO]: View Distance: 10
[22:52:53] [Server thread/INFO]: Zombie Aggressive Towards Villager: true
[22:52:53] [Server thread/INFO]: -------- World Settings For [world_the_end] --------
[22:52:53] [Server thread/INFO]: Allow Zombie Pigmen to spawn from portal blocks: true
[22:52:53] [Server thread/INFO]: Mob Spawn Range: 4
[22:52:53] [Server thread/INFO]: Random Lighting Updates: false
[22:52:53] [Server thread/INFO]: Max TNT Explosions: 100
[22:52:53] [Server thread/INFO]: Entity Tracking Range: Pl 48 / An 48 / Mo 48 / Mi 32 / Other 64
[22:52:53] [Server thread/INFO]: Tile Max Tick Time: 50ms Entity max Tick Time: 50ms
[22:52:53] [Server thread/INFO]: Entity Activation Range: An 32 / Mo 32 / Mi 16 / Tiv true
[22:52:53] [Server thread/INFO]: Hopper Transfer: 8 Hopper Check: 1 Hopper Amount: 1
[22:52:53] [Server thread/INFO]: Structure Info Saving: true
[22:52:53] [Server thread/INFO]: Cactus Growth Modifier: 100%
[22:52:53] [Server thread/INFO]: Cane Growth Modifier: 100%
[22:52:53] [Server thread/INFO]: Melon Growth Modifier: 100%
[22:52:53] [Server thread/INFO]: Mushroom Growth Modifier: 100%
[22:52:53] [Server thread/INFO]: Pumpkin Growth Modifier: 100%
[22:52:53] [Server thread/INFO]: Sapling Growth Modifier: 100%
[22:52:53] [Server thread/INFO]: Wheat Growth Modifier: 100%
[22:52:53] [Server thread/INFO]: NetherWart Growth Modifier: 100%
[22:52:53] [Server thread/INFO]: Vine Growth Modifier: 100%
[22:52:53] [Server thread/INFO]: Cocoa Growth Modifier: 100%
[22:52:53] [Server thread/INFO]: Item Despawn Rate: 6000
[22:52:53] [Server thread/INFO]: Item Merge Radius: 2.5
[22:52:53] [Server thread/INFO]: Arrow Despawn Rate: 1200
[22:52:53] [Server thread/INFO]: Nerfing mobs spawned from spawners: false
[22:52:53] [Server thread/INFO]: Experience Merge Radius: 3.0
[22:52:53] [Server thread/INFO]: Custom Map Seeds:  Village: 10387312 Feature: 14357617 Monument: 10387313 Slime: 987234911
[22:52:53] [Server thread/INFO]: View Distance: 10
[22:52:53] [Server thread/INFO]: Zombie Aggressive Towards Villager: true
[22:52:54] [Server thread/INFO]: Preparing start region for level 0 (Seed: -2943681322513394657)
[22:52:55] [Server thread/INFO]: Preparing spawn area: 26%
[22:52:55] [Server thread/INFO]: Preparing start region for level 1 (Seed: -2943681322513394657)
[22:52:56] [Server thread/INFO]: Preparing spawn area: 92%
[22:52:56] [Server thread/INFO]: Preparing start region for level 2 (Seed: -2943681322513394657)
[22:52:56] [Server thread/INFO]: [TitleAPI] Enabling TitleAPI v1.7.7
[22:52:56] [Server thread/INFO]: [0;36;1mTitleAPI V1.7.7 has been enabled![m
[22:52:56] [Server thread/INFO]: [PlaceholderAPI] Enabling PlaceholderAPI v2.10.3
[22:52:56] [Server thread/INFO]: [PlaceholderAPI] Fetching available expansion information...
[22:52:56] [Server thread/INFO]: [Weaponplugin] Enabling Weaponplugin v1.0.0
[22:52:56] [Server thread/INFO]: [Weaponplugin] ³õÊ¼»¯vault²å¼þ³É¹¦
[22:52:56] [Server thread/INFO]: [Weaponplugin] _____________
[22:52:56] [Server thread/INFO]: [Weaponplugin] MineCraft²å¼þ
[22:52:56] [Server thread/INFO]: [Weaponplugin] _____________
[22:52:56] [Server thread/INFO]: [Weaponplugin] Ç¿»¯ÎäÆ÷²å¼þÒÑÆô¶¯
[22:52:56] [Server thread/INFO]: [Weaponplugin] Èç¹ûÓÐBug£¬Çë»ã±¨¸ø_b!
[22:52:56] [Server thread/INFO]: [Essentials] Enabling Essentials v2.17.2.147
[22:52:57] [Server thread/INFO]: Attempting to convert old kits in config.yml to new kits.yml
[22:52:57] [Server thread/INFO]: No kits found to migrate.
[22:52:57] [Server thread/INFO]: Loaded 852 items from items.csv.
[22:52:57] [Server thread/INFO]: Using locale zh_CN
[22:52:57] [Server thread/INFO]: [Essentials] ServerListPingEvent: Spigot iterator API
[22:52:57] [Server thread/INFO]: [Essentials] Starting Metrics. Opt-out using the global bStats config.
[22:52:57] [Server thread/INFO]: [Vault] [Vault][Economy] Essentials Economy hooked.
[22:52:57] [Server thread/INFO]: [Essentials] Using Vault based permissions (LuckPerms)
[22:52:57] [Server thread/INFO]: Server permissions file permissions.yml is empty, ignoring it
[22:52:57] [Server thread/INFO]: Done (4.331s)! For help, type "help" or "?"
[22:52:57] [Server thread/INFO]: [PlaceholderAPI] Placeholder expansion registration initializing...
[22:52:57] [Craft Scheduler Thread - 6/INFO]: [Vault] Checking for Updates ... 
[22:52:58] [Server thread/INFO]: [TitleAPI] No update was found, you are running the latest version.
[22:53:02] [Craft Scheduler Thread - 2/INFO]: [PlaceholderAPI] 175 placeholder expansions are available on the cloud.
[22:53:13] [Craft Scheduler Thread - 6/INFO]: [Vault] There was an issue attempting to check for the latest version.
[22:53:13] [Craft Scheduler Thread - 6/INFO]: [Vault] No new version available
[22:53:38] [User Authenticator #1/INFO]: UUID of player _b is 7fdc3473-6ae7-3607-b2dd-9ade4728b432
[22:53:38] [Server thread/INFO]: _b[/127.0.0.1:50512] logged in with entity id 193 at ([world]0.0, 100.0, 0.0)
[22:54:00] [Server thread/INFO]: _b issued server command: /smelter get
[22:56:04] [Server thread/INFO]: _b lost connection: Disconnected
[22:56:04] [Server thread/INFO]: _b left the game
